
=== Mon Dec 12 21:57:29 2022

Packages were changed.
Update Mode: updateDependencies

The following packages were updated:
  com.unity.2d.animation from version 5.0.10 to 7.0.9
  com.unity.2d.pixel-perfect from version 4.0.1 to 5.0.3
  com.unity.2d.psdimporter from version 4.1.3 to 6.0.6
  com.unity.2d.spriteshape from version 5.1.7 to 7.0.6
  com.unity.collab-proxy from version 1.11.2 to 1.17.7
  com.unity.ide.rider from version 2.0.7 to 3.0.16
  com.unity.ide.visualstudio from version 2.0.14 to 2.0.16
  com.unity.ide.vscode from version 1.2.4 to 1.2.5
  com.unity.test-framework from version 1.1.30 to 1.1.31
  com.unity.timeline from version 1.4.8 to 1.6.4

=== Sat Jul 29 22:31:24 2023

Packages were changed.
Update Mode: updateDependencies

The following packages were added:
  com.unity.ai.navigation@1.1.4
The following packages were updated:
  com.unity.2d.animation from version 7.0.10 to 9.0.3
  com.unity.animation.rigging from version 1.1.1 to 1.2.1
  com.unity.collab-proxy from version 1.17.7 to 2.0.5
  com.unity.feature.2d from version 1.0.0 to 2.0.0
  com.unity.formats.fbx from version 4.1.3 to 4.2.1
  com.unity.inputsystem from version 1.4.4 to 1.6.1
  com.unity.timeline from version 1.6.4 to 1.7.5
